[36m--[0m Using CATKIN_DEVEL_PREFIX: /home/robotclass/fastsim/devel/.private/sensor_simulators
[36m--[0m Using CMAKE_PREFIX_PATH: /home/robotclass/fastsim/devel;/opt/ros/kinetic
[36m--[0m This workspace overlays: /home/robotclass/fastsim/devel;/opt/ros/kinetic
[36m--[0m Found PythonInterp: /usr/bin/python2 (found suitable version "2.7.12", minimum required is "2")
[36m--[0m Using PYTHON_EXECUTABLE: /usr/bin/python2
[36m--[0m Using Debian Python package layout
[36m--[0m Using empy: /usr/bin/empy
[36m--[0m Using CATKIN_ENABLE_TESTING: ON
[36m--[0m Call enable_testing()
[36m--[0m Using CATKIN_TEST_RESULTS_DIR: /home/robotclass/fastsim/build/sensor_simulators/test_results
[36m--[0m Found gmock sources under '/usr/src/gmock': gmock will be built
[36m--[0m Found PythonInterp: /usr/bin/python2 (found version "2.7.12")
[36m--[0m Found gtest sources under '/usr/src/gmock': gtests will be built
[36m--[0m Using Python nosetests: /usr/bin/nosetests-2.7
[36m--[0m catkin 0.7.18
[36m--[0m BUILD_SHARED_LIBS is on
[36m--[0m Using these message generators: gencpp;geneus;genlisp;gennodejs;genpy
/opt/ros/kinetic/share/genmsg/cmake/pkg-genmsg.cmake.em:56: error: <class 'genmsg.base.InvalidMsgSpec'>: Invalid declaration: s
Traceback (most recent call last):
  File "/usr/bin/empy", line 3302, in <module>
    if __name__ == '__main__': main()
  File "/usr/bin/empy", line 3300, in main
    invoke(sys.argv[1:])
  File "/usr/bin/empy", line 3283, in invoke
    interpreter.wrap(interpreter.file, (file, name))
  File "/usr/bin/empy", line 2295, in wrap
    self.fail(e)
  File "/usr/bin/empy", line 2284, in wrap
    callable(*args)
  File "/usr/bin/empy", line 2359, in file
    self.safe(scanner, done, locals)
  File "/usr/bin/empy", line 2401, in safe
    self.parse(scanner, locals)
  File "/usr/bin/empy", line 2421, in parse
    token.run(self, locals)
  File "/usr/bin/empy", line 1425, in run
    interpreter.execute(self.code, locals)
  File "/usr/bin/empy", line 2595, in execute
    _exec(statements, self.globals, locals)
  File "/usr/bin/empy", line 42, in _exec
    exec("""exec code in globals""")
  File "<string>", line 1, in <module>
  File "<string>", line 48, in <module>
  File "/opt/ros/kinetic/lib/python2.7/dist-packages/genmsg/deps.py", line 70, in find_srv_dependencies_with_type
    spec = genmsg.msg_loader.load_srv_from_file(msg_context, msg_file, full_type_name)
  File "/opt/ros/kinetic/lib/python2.7/dist-packages/genmsg/msg_loader.py", line 486, in load_srv_from_file
    spec = load_srv_from_string(msg_context, text, full_name)
  File "/opt/ros/kinetic/lib/python2.7/dist-packages/genmsg/msg_loader.py", line 471, in load_srv_from_string
    msg_out = load_msg_from_string(msg_context, text_out.getvalue(), '%sResponse'%(full_name))
  File "/opt/ros/kinetic/lib/python2.7/dist-packages/genmsg/msg_loader.py", line 266, in load_msg_from_string
    field_type, name = _load_field_line(orig_line, package_name)
  File "/opt/ros/kinetic/lib/python2.7/dist-packages/genmsg/msg_loader.py", line 225, in _load_field_line
    raise InvalidMsgSpec("Invalid declaration: %s"%(orig_line))
genmsg.base.InvalidMsgSpec: Invalid declaration: s
[31m[1mCMake Error[0m at /opt/ros/kinetic/share/catkin/cmake/safe_execute_process.cmake:11 (message):

  execute_process(/home/robotclass/fastsim/build/sensor_simulators/catkin_generated/env_cached.sh
  "/usr/bin/python2" "/usr/bin/empy" "--raw-errors" "-F"
  "/home/robotclass/fastsim/build/sensor_simulators/cmake/sensor_simulators-genmsg-context.py"
  "-o"
  "/home/robotclass/fastsim/build/sensor_simulators/cmake/sensor_simulators-genmsg.cmake"
  "/opt/ros/kinetic/share/genmsg/cmake/pkg-genmsg.cmake.em") returned error
  code 1
[36mCall Stack (most recent call first):[0m
  /opt/ros/kinetic/share/catkin/cmake/em_expand.cmake:25 (safe_execute_process)
  /opt/ros/kinetic/share/genmsg/cmake/genmsg-extras.cmake:303 (em_expand)
  CMakeLists.txt:71 (generate_messages)


[36m--[0m Configuring incomplete, errors occurred!
See also "/home/robotclass/fastsim/build/sensor_simulators/CMakeFiles/CMakeOutput.log".
See also "/home/robotclass/fastsim/build/sensor_simulators/CMakeFiles/CMakeError.log".
Makefile:458: recipe for target 'cmake_check_build_system' failed
make: *** [cmake_check_build_system] Error 1
